<?xml version="1.0" encoding="UTF-8"?>
<!-- Generated by org.testng.reporters.JUnitXMLReporter -->
<testsuite hostname="DESKTOP-1I1E6O5" name="Test" tests="3" failures="0" timestamp="19 Oct 2017 15:25:25 GMT" time="38.797" errors="0">
  <testcase name="testFlightBooking" time="2.266" classname="codingRound.scripts.FlightBookingTest"/>
  <testcase name="testHotelBooking" time="2.725" classname="codingRound.scripts.HotelBookingTest"/>
  <testcase name="testSignInPage" time="1.439" classname="codingRound.scripts.SignInTest"/>
</testsuite> <!-- Test -->
